wandb: [wandb.login()] Loaded credentials for https://api.wandb.ai from /home/yanzhang/.netrc.
wandb: Currently logged in as: janousfyz (labo1) to https://api.wandb.ai. Use `wandb login --relogin` to force relogin
wandb: setting up run sq6ki42v
wandb: Tracking run with wandb version 0.25.1
wandb: Run data is saved locally in /home/yanzhang/drag_edit/wandb/run-20260325_102947-sq6ki42v
wandb: Run `wandb offline` to turn off syncing.
wandb: Syncing run easy-yogurt-28
wandb: ⭐️ View project at https://wandb.ai/labo1/drag_edit
wandb: 🚀 View run at https://wandb.ai/labo1/drag_edit/runs/sq6ki42v
INFO:__main__:Distributed environment: DEEPSPEED  Backend: nccl
Num processes: 1
Process index: 0
Local process index: 0
Device: cuda:0

Mixed precision type: bf16
ds_config: {'bf16': {'enabled': True}, 'zero_optimization': {'stage': 2, 'offload_optimizer': {'device': 'cpu', 'pin_memory': True}, 'overlap_comm': True, 'contiguous_gradients': True, 'reduce_bucket_size': 200000000.0, 'allgather_bucket_size': 200000000.0}, 'gradient_accumulation_steps': 1, 'gradient_clipping': 1.0, 'steps_per_print': inf, 'train_batch_size': 'auto', 'train_micro_batch_size_per_gpu': 'auto', 'wall_clock_breakdown': False, 'fp16': {'enabled': False}}

/home/yanzhang/.conda/envs/omini/lib/python3.10/site-packages/diffusers/models/embeddings.py:2609: FutureWarning: `FluxPosEmbed` is deprecated and will be removed in version 1.0.0. Importing and using `FluxPosEmbed` from `diffusers.models.embeddings` is deprecated. Please import it from `diffusers.models.transformers.transformer_flux`.
  deprecate("FluxPosEmbed", "1.0.0", deprecation_message)

Loading checkpoint shards:   0%|          | 0/3 [00:00<?, ?it/s]
Loading checkpoint shards:  33%|███▎      | 1/3 [00:01<00:02,  1.17s/it]
Loading checkpoint shards:  67%|██████▋   | 2/3 [00:02<00:01,  1.13s/it]
Loading checkpoint shards: 100%|██████████| 3/3 [00:02<00:00,  1.19it/s]
Loading checkpoint shards: 100%|██████████| 3/3 [00:02<00:00,  1.09it/s]
All model checkpoint weights were used when initializing FluxTransformer2DPointsModel.

Some weights of FluxTransformer2DPointsModel were not initialized from the model checkpoint at /mnt/disk1/models/FLUX.1-Kontext-dev and are newly initialized: ['points_embedder.bias', 'points_embedder.weight']
You should probably TRAIN this model on a down-stream task to be able to use it for predictions and inference.
All model checkpoint weights were used when initializing AutoencoderKL.

All the weights of AutoencoderKL were initialized from the model checkpoint at /mnt/disk1/models/FLUX.1-Kontext-dev.
If your task is similar to the task the model of the checkpoint was trained on, you can already use AutoencoderKL for predictions without further training.

Loading weights:   0%|          | 0/219 [00:00<?, ?it/s]
Loading weights: 100%|██████████| 219/219 [00:00<00:00, 12773.82it/s]

Loading weights:   0%|          | 0/196 [00:00<?, ?it/s]
Loading weights: 100%|██████████| 196/196 [00:00<00:00, 11676.00it/s]
Successfully initialized PointsMapEncoder layers.
[rank0]:[W325 10:29:55.801704373 ProcessGroupNCCL.cpp:4715] [PG ID 0 PG GUID 0 Rank 0]  using GPU 0 as device used by this process is currently unknown. This can potentially cause a hang if this rank to GPU mapping is incorrect. You can pecify device_id in init_process_group() to force use of a particular device.
/home/yanzhang/.conda/envs/omini/lib/python3.10/site-packages/torch/utils/cpp_extension.py:2356: UserWarning: TORCH_CUDA_ARCH_LIST is not set, all archs for visible cards are included for compilation. 
If this is not desired, please set os.environ['TORCH_CUDA_ARCH_LIST'].
  warnings.warn(
Before initializing optimizer states
MA 31.71 GB         Max_MA 31.75 GB         CA 31.86 GB         Max_CA 32 GB 
CPU Virtual Memory:  used = 69.7 GB, percent = 27.7%
After initializing optimizer states
MA 31.71 GB         Max_MA 31.71 GB         CA 31.86 GB         Max_CA 32 GB 
CPU Virtual Memory:  used = 70.1 GB, percent = 27.9%
After initializing ZeRO optimizer
MA 31.71 GB         Max_MA 31.71 GB         CA 31.86 GB         Max_CA 32 GB 
CPU Virtual Memory:  used = 70.08 GB, percent = 27.9%
INFO:__main__:Here are the trainable params
INFO:__main__:['module.dit.points_embedder.weight', 'module.dit.points_embedder.bias', 'module.dit.transformer_blocks.0.attn.to_q.lora_A.edit.weight', 'module.dit.transformer_blocks.0.attn.to_q.lora_B.edit.weight', 'module.dit.transformer_blocks.0.attn.to_k.lora_A.edit.weight', 'module.dit.transformer_blocks.0.attn.to_k.lora_B.edit.weight', 'module.dit.transformer_blocks.0.attn.to_v.lora_A.edit.weight', 'module.dit.transformer_blocks.0.attn.to_v.lora_B.edit.weight', 'module.dit.transformer_blocks.0.attn.to_out.0.lora_A.edit.weight', 'module.dit.transformer_blocks.0.attn.to_out.0.lora_B.edit.weight', 'module.dit.transformer_blocks.1.attn.to_q.lora_A.edit.weight', 'module.dit.transformer_blocks.1.attn.to_q.lora_B.edit.weight', 'module.dit.transformer_blocks.1.attn.to_k.lora_A.edit.weight', 'module.dit.transformer_blocks.1.attn.to_k.lora_B.edit.weight', 'module.dit.transformer_blocks.1.attn.to_v.lora_A.edit.weight', 'module.dit.transformer_blocks.1.attn.to_v.lora_B.edit.weight', 'module.dit.transformer_blocks.1.attn.to_out.0.lora_A.edit.weight', 'module.dit.transformer_blocks.1.attn.to_out.0.lora_B.edit.weight', 'module.dit.transformer_blocks.2.attn.to_q.lora_A.edit.weight', 'module.dit.transformer_blocks.2.attn.to_q.lora_B.edit.weight', 'module.dit.transformer_blocks.2.attn.to_k.lora_A.edit.weight', 'module.dit.transformer_blocks.2.attn.to_k.lora_B.edit.weight', 'module.dit.transformer_blocks.2.attn.to_v.lora_A.edit.weight', 'module.dit.transformer_blocks.2.attn.to_v.lora_B.edit.weight', 'module.dit.transformer_blocks.2.attn.to_out.0.lora_A.edit.weight', 'module.dit.transformer_blocks.2.attn.to_out.0.lora_B.edit.weight', 'module.dit.transformer_blocks.3.attn.to_q.lora_A.edit.weight', 'module.dit.transformer_blocks.3.attn.to_q.lora_B.edit.weight', 'module.dit.transformer_blocks.3.attn.to_k.lora_A.edit.weight', 'module.dit.transformer_blocks.3.attn.to_k.lora_B.edit.weight', 'module.dit.transformer_blocks.3.attn.to_v.lora_A.edit.weight', 'module.dit.transformer_blocks.3.attn.to_v.lora_B.edit.weight', 'module.dit.transformer_blocks.3.attn.to_out.0.lora_A.edit.weight', 'module.dit.transformer_blocks.3.attn.to_out.0.lora_B.edit.weight', 'module.dit.transformer_blocks.4.attn.to_q.lora_A.edit.weight', 'module.dit.transformer_blocks.4.attn.to_q.lora_B.edit.weight', 'module.dit.transformer_blocks.4.attn.to_k.lora_A.edit.weight', 'module.dit.transformer_blocks.4.attn.to_k.lora_B.edit.weight', 'module.dit.transformer_blocks.4.attn.to_v.lora_A.edit.weight', 'module.dit.transformer_blocks.4.attn.to_v.lora_B.edit.weight', 'module.dit.transformer_blocks.4.attn.to_out.0.lora_A.edit.weight', 'module.dit.transformer_blocks.4.attn.to_out.0.lora_B.edit.weight', 'module.dit.transformer_blocks.5.attn.to_q.lora_A.edit.weight', 'module.dit.transformer_blocks.5.attn.to_q.lora_B.edit.weight', 'module.dit.transformer_blocks.5.attn.to_k.lora_A.edit.weight', 'module.dit.transformer_blocks.5.attn.to_k.lora_B.edit.weight', 'module.dit.transformer_blocks.5.attn.to_v.lora_A.edit.weight', 'module.dit.transformer_blocks.5.attn.to_v.lora_B.edit.weight', 'module.dit.transformer_blocks.5.attn.to_out.0.lora_A.edit.weight', 'module.dit.transformer_blocks.5.attn.to_out.0.lora_B.edit.weight', 'module.dit.transformer_blocks.6.attn.to_q.lora_A.edit.weight', 'module.dit.transformer_blocks.6.attn.to_q.lora_B.edit.weight', 'module.dit.transformer_blocks.6.attn.to_k.lora_A.edit.weight', 'module.dit.transformer_blocks.6.attn.to_k.lora_B.edit.weight', 'module.dit.transformer_blocks.6.attn.to_v.lora_A.edit.weight', 'module.dit.transformer_blocks.6.attn.to_v.lora_B.edit.weight', 'module.dit.transformer_blocks.6.attn.to_out.0.lora_A.edit.weight', 'module.dit.transformer_blocks.6.attn.to_out.0.lora_B.edit.weight', 'module.dit.transformer_blocks.7.attn.to_q.lora_A.edit.weight', 'module.dit.transformer_blocks.7.attn.to_q.lora_B.edit.weight', 'module.dit.transformer_blocks.7.attn.to_k.lora_A.edit.weight', 'module.dit.transformer_blocks.7.attn.to_k.lora_B.edit.weight', 'module.dit.transformer_blocks.7.attn.to_v.lora_A.edit.weight', 'module.dit.transformer_blocks.7.attn.to_v.lora_B.edit.weight', 'module.dit.transformer_blocks.7.attn.to_out.0.lora_A.edit.weight', 'module.dit.transformer_blocks.7.attn.to_out.0.lora_B.edit.weight', 'module.dit.transformer_blocks.8.attn.to_q.lora_A.edit.weight', 'module.dit.transformer_blocks.8.attn.to_q.lora_B.edit.weight', 'module.dit.transformer_blocks.8.attn.to_k.lora_A.edit.weight', 'module.dit.transformer_blocks.8.attn.to_k.lora_B.edit.weight', 'module.dit.transformer_blocks.8.attn.to_v.lora_A.edit.weight', 'module.dit.transformer_blocks.8.attn.to_v.lora_B.edit.weight', 'module.dit.transformer_blocks.8.attn.to_out.0.lora_A.edit.weight', 'module.dit.transformer_blocks.8.attn.to_out.0.lora_B.edit.weight', 'module.dit.transformer_blocks.9.attn.to_q.lora_A.edit.weight', 'module.dit.transformer_blocks.9.attn.to_q.lora_B.edit.weight', 'module.dit.transformer_blocks.9.attn.to_k.lora_A.edit.weight', 'module.dit.transformer_blocks.9.attn.to_k.lora_B.edit.weight', 'module.dit.transformer_blocks.9.attn.to_v.lora_A.edit.weight', 'module.dit.transformer_blocks.9.attn.to_v.lora_B.edit.weight', 'module.dit.transformer_blocks.9.attn.to_out.0.lora_A.edit.weight', 'module.dit.transformer_blocks.9.attn.to_out.0.lora_B.edit.weight', 'module.dit.transformer_blocks.10.attn.to_q.lora_A.edit.weight', 'module.dit.transformer_blocks.10.attn.to_q.lora_B.edit.weight', 'module.dit.transformer_blocks.10.attn.to_k.lora_A.edit.weight', 'module.dit.transformer_blocks.10.attn.to_k.lora_B.edit.weight', 'module.dit.transformer_blocks.10.attn.to_v.lora_A.edit.weight', 'module.dit.transformer_blocks.10.attn.to_v.lora_B.edit.weight', 'module.dit.transformer_blocks.10.attn.to_out.0.lora_A.edit.weight', 'module.dit.transformer_blocks.10.attn.to_out.0.lora_B.edit.weight', 'module.dit.transformer_blocks.11.attn.to_q.lora_A.edit.weight', 'module.dit.transformer_blocks.11.attn.to_q.lora_B.edit.weight', 'module.dit.transformer_blocks.11.attn.to_k.lora_A.edit.weight', 'module.dit.transformer_blocks.11.attn.to_k.lora_B.edit.weight', 'module.dit.transformer_blocks.11.attn.to_v.lora_A.edit.weight', 'module.dit.transformer_blocks.11.attn.to_v.lora_B.edit.weight', 'module.dit.transformer_blocks.11.attn.to_out.0.lora_A.edit.weight', 'module.dit.transformer_blocks.11.attn.to_out.0.lora_B.edit.weight', 'module.dit.transformer_blocks.12.attn.to_q.lora_A.edit.weight', 'module.dit.transformer_blocks.12.attn.to_q.lora_B.edit.weight', 'module.dit.transformer_blocks.12.attn.to_k.lora_A.edit.weight', 'module.dit.transformer_blocks.12.attn.to_k.lora_B.edit.weight', 'module.dit.transformer_blocks.12.attn.to_v.lora_A.edit.weight', 'module.dit.transformer_blocks.12.attn.to_v.lora_B.edit.weight', 'module.dit.transformer_blocks.12.attn.to_out.0.lora_A.edit.weight', 'module.dit.transformer_blocks.12.attn.to_out.0.lora_B.edit.weight', 'module.dit.transformer_blocks.13.attn.to_q.lora_A.edit.weight', 'module.dit.transformer_blocks.13.attn.to_q.lora_B.edit.weight', 'module.dit.transformer_blocks.13.attn.to_k.lora_A.edit.weight', 'module.dit.transformer_blocks.13.attn.to_k.lora_B.edit.weight', 'module.dit.transformer_blocks.13.attn.to_v.lora_A.edit.weight', 'module.dit.transformer_blocks.13.attn.to_v.lora_B.edit.weight', 'module.dit.transformer_blocks.13.attn.to_out.0.lora_A.edit.weight', 'module.dit.transformer_blocks.13.attn.to_out.0.lora_B.edit.weight', 'module.dit.transformer_blocks.14.attn.to_q.lora_A.edit.weight', 'module.dit.transformer_blocks.14.attn.to_q.lora_B.edit.weight', 'module.dit.transformer_blocks.14.attn.to_k.lora_A.edit.weight', 'module.dit.transformer_blocks.14.attn.to_k.lora_B.edit.weight', 'module.dit.transformer_blocks.14.attn.to_v.lora_A.edit.weight', 'module.dit.transformer_blocks.14.attn.to_v.lora_B.edit.weight', 'module.dit.transformer_blocks.14.attn.to_out.0.lora_A.edit.weight', 'module.dit.transformer_blocks.14.attn.to_out.0.lora_B.edit.weight', 'module.dit.transformer_blocks.15.attn.to_q.lora_A.edit.weight', 'module.dit.transformer_blocks.15.attn.to_q.lora_B.edit.weight', 'module.dit.transformer_blocks.15.attn.to_k.lora_A.edit.weight', 'module.dit.transformer_blocks.15.attn.to_k.lora_B.edit.weight', 'module.dit.transformer_blocks.15.attn.to_v.lora_A.edit.weight', 'module.dit.transformer_blocks.15.attn.to_v.lora_B.edit.weight', 'module.dit.transformer_blocks.15.attn.to_out.0.lora_A.edit.weight', 'module.dit.transformer_blocks.15.attn.to_out.0.lora_B.edit.weight', 'module.dit.transformer_blocks.16.attn.to_q.lora_A.edit.weight', 'module.dit.transformer_blocks.16.attn.to_q.lora_B.edit.weight', 'module.dit.transformer_blocks.16.attn.to_k.lora_A.edit.weight', 'module.dit.transformer_blocks.16.attn.to_k.lora_B.edit.weight', 'module.dit.transformer_blocks.16.attn.to_v.lora_A.edit.weight', 'module.dit.transformer_blocks.16.attn.to_v.lora_B.edit.weight', 'module.dit.transformer_blocks.16.attn.to_out.0.lora_A.edit.weight', 'module.dit.transformer_blocks.16.attn.to_out.0.lora_B.edit.weight', 'module.dit.transformer_blocks.17.attn.to_q.lora_A.edit.weight', 'module.dit.transformer_blocks.17.attn.to_q.lora_B.edit.weight', 'module.dit.transformer_blocks.17.attn.to_k.lora_A.edit.weight', 'module.dit.transformer_blocks.17.attn.to_k.lora_B.edit.weight', 'module.dit.transformer_blocks.17.attn.to_v.lora_A.edit.weight', 'module.dit.transformer_blocks.17.attn.to_v.lora_B.edit.weight', 'module.dit.transformer_blocks.17.attn.to_out.0.lora_A.edit.weight', 'module.dit.transformer_blocks.17.attn.to_out.0.lora_B.edit.weight', 'module.dit.transformer_blocks.18.attn.to_q.lora_A.edit.weight', 'module.dit.transformer_blocks.18.attn.to_q.lora_B.edit.weight', 'module.dit.transformer_blocks.18.attn.to_k.lora_A.edit.weight', 'module.dit.transformer_blocks.18.attn.to_k.lora_B.edit.weight', 'module.dit.transformer_blocks.18.attn.to_v.lora_A.edit.weight', 'module.dit.transformer_blocks.18.attn.to_v.lora_B.edit.weight', 'module.dit.transformer_blocks.18.attn.to_out.0.lora_A.edit.weight', 'module.dit.transformer_blocks.18.attn.to_out.0.lora_B.edit.weight', 'module.dit.single_transformer_blocks.0.attn.to_q.lora_A.edit.weight', 'module.dit.single_transformer_blocks.0.attn.to_q.lora_B.edit.weight', 'module.dit.single_transformer_blocks.0.attn.to_k.lora_A.edit.weight', 'module.dit.single_transformer_blocks.0.attn.to_k.lora_B.edit.weight', 'module.dit.single_transformer_blocks.0.attn.to_v.lora_A.edit.weight', 'module.dit.single_transformer_blocks.0.attn.to_v.lora_B.edit.weight', 'module.dit.single_transformer_blocks.1.attn.to_q.lora_A.edit.weight', 'module.dit.single_transformer_blocks.1.attn.to_q.lora_B.edit.weight', 'module.dit.single_transformer_blocks.1.attn.to_k.lora_A.edit.weight', 'module.dit.single_transformer_blocks.1.attn.to_k.lora_B.edit.weight', 'module.dit.single_transformer_blocks.1.attn.to_v.lora_A.edit.weight', 'module.dit.single_transformer_blocks.1.attn.to_v.lora_B.edit.weight', 'module.dit.single_transformer_blocks.2.attn.to_q.lora_A.edit.weight', 'module.dit.single_transformer_blocks.2.attn.to_q.lora_B.edit.weight', 'module.dit.single_transformer_blocks.2.attn.to_k.lora_A.edit.weight', 'module.dit.single_transformer_blocks.2.attn.to_k.lora_B.edit.weight', 'module.dit.single_transformer_blocks.2.attn.to_v.lora_A.edit.weight', 'module.dit.single_transformer_blocks.2.attn.to_v.lora_B.edit.weight', 'module.dit.single_transformer_blocks.3.attn.to_q.lora_A.edit.weight', 'module.dit.single_transformer_blocks.3.attn.to_q.lora_B.edit.weight', 'module.dit.single_transformer_blocks.3.attn.to_k.lora_A.edit.weight', 'module.dit.single_transformer_blocks.3.attn.to_k.lora_B.edit.weight', 'module.dit.single_transformer_blocks.3.attn.to_v.lora_A.edit.weight', 'module.dit.single_transformer_blocks.3.attn.to_v.lora_B.edit.weight', 'module.dit.single_transformer_blocks.4.attn.to_q.lora_A.edit.weight', 'module.dit.single_transformer_blocks.4.attn.to_q.lora_B.edit.weight', 'module.dit.single_transformer_blocks.4.attn.to_k.lora_A.edit.weight', 'module.dit.single_transformer_blocks.4.attn.to_k.lora_B.edit.weight', 'module.dit.single_transformer_blocks.4.attn.to_v.lora_A.edit.weight', 'module.dit.single_transformer_blocks.4.attn.to_v.lora_B.edit.weight', 'module.dit.single_transformer_blocks.5.attn.to_q.lora_A.edit.weight', 'module.dit.single_transformer_blocks.5.attn.to_q.lora_B.edit.weight', 'module.dit.single_transformer_blocks.5.attn.to_k.lora_A.edit.weight', 'module.dit.single_transformer_blocks.5.attn.to_k.lora_B.edit.weight', 'module.dit.single_transformer_blocks.5.attn.to_v.lora_A.edit.weight', 'module.dit.single_transformer_blocks.5.attn.to_v.lora_B.edit.weight', 'module.dit.single_transformer_blocks.6.attn.to_q.lora_A.edit.weight', 'module.dit.single_transformer_blocks.6.attn.to_q.lora_B.edit.weight', 'module.dit.single_transformer_blocks.6.attn.to_k.lora_A.edit.weight', 'module.dit.single_transformer_blocks.6.attn.to_k.lora_B.edit.weight', 'module.dit.single_transformer_blocks.6.attn.to_v.lora_A.edit.weight', 'module.dit.single_transformer_blocks.6.attn.to_v.lora_B.edit.weight', 'module.dit.single_transformer_blocks.7.attn.to_q.lora_A.edit.weight', 'module.dit.single_transformer_blocks.7.attn.to_q.lora_B.edit.weight', 'module.dit.single_transformer_blocks.7.attn.to_k.lora_A.edit.weight', 'module.dit.single_transformer_blocks.7.attn.to_k.lora_B.edit.weight', 'module.dit.single_transformer_blocks.7.attn.to_v.lora_A.edit.weight', 'module.dit.single_transformer_blocks.7.attn.to_v.lora_B.edit.weight', 'module.dit.single_transformer_blocks.8.attn.to_q.lora_A.edit.weight', 'module.dit.single_transformer_blocks.8.attn.to_q.lora_B.edit.weight', 'module.dit.single_transformer_blocks.8.attn.to_k.lora_A.edit.weight', 'module.dit.single_transformer_blocks.8.attn.to_k.lora_B.edit.weight', 'module.dit.single_transformer_blocks.8.attn.to_v.lora_A.edit.weight', 'module.dit.single_transformer_blocks.8.attn.to_v.lora_B.edit.weight', 'module.dit.single_transformer_blocks.9.attn.to_q.lora_A.edit.weight', 'module.dit.single_transformer_blocks.9.attn.to_q.lora_B.edit.weight', 'module.dit.single_transformer_blocks.9.attn.to_k.lora_A.edit.weight', 'module.dit.single_transformer_blocks.9.attn.to_k.lora_B.edit.weight', 'module.dit.single_transformer_blocks.9.attn.to_v.lora_A.edit.weight', 'module.dit.single_transformer_blocks.9.attn.to_v.lora_B.edit.weight', 'module.dit.single_transformer_blocks.10.attn.to_q.lora_A.edit.weight', 'module.dit.single_transformer_blocks.10.attn.to_q.lora_B.edit.weight', 'module.dit.single_transformer_blocks.10.attn.to_k.lora_A.edit.weight', 'module.dit.single_transformer_blocks.10.attn.to_k.lora_B.edit.weight', 'module.dit.single_transformer_blocks.10.attn.to_v.lora_A.edit.weight', 'module.dit.single_transformer_blocks.10.attn.to_v.lora_B.edit.weight', 'module.dit.single_transformer_blocks.11.attn.to_q.lora_A.edit.weight', 'module.dit.single_transformer_blocks.11.attn.to_q.lora_B.edit.weight', 'module.dit.single_transformer_blocks.11.attn.to_k.lora_A.edit.weight', 'module.dit.single_transformer_blocks.11.attn.to_k.lora_B.edit.weight', 'module.dit.single_transformer_blocks.11.attn.to_v.lora_A.edit.weight', 'module.dit.single_transformer_blocks.11.attn.to_v.lora_B.edit.weight', 'module.dit.single_transformer_blocks.12.attn.to_q.lora_A.edit.weight', 'module.dit.single_transformer_blocks.12.attn.to_q.lora_B.edit.weight', 'module.dit.single_transformer_blocks.12.attn.to_k.lora_A.edit.weight', 'module.dit.single_transformer_blocks.12.attn.to_k.lora_B.edit.weight', 'module.dit.single_transformer_blocks.12.attn.to_v.lora_A.edit.weight', 'module.dit.single_transformer_blocks.12.attn.to_v.lora_B.edit.weight', 'module.dit.single_transformer_blocks.13.attn.to_q.lora_A.edit.weight', 'module.dit.single_transformer_blocks.13.attn.to_q.lora_B.edit.weight', 'module.dit.single_transformer_blocks.13.attn.to_k.lora_A.edit.weight', 'module.dit.single_transformer_blocks.13.attn.to_k.lora_B.edit.weight', 'module.dit.single_transformer_blocks.13.attn.to_v.lora_A.edit.weight', 'module.dit.single_transformer_blocks.13.attn.to_v.lora_B.edit.weight', 'module.dit.single_transformer_blocks.14.attn.to_q.lora_A.edit.weight', 'module.dit.single_transformer_blocks.14.attn.to_q.lora_B.edit.weight', 'module.dit.single_transformer_blocks.14.attn.to_k.lora_A.edit.weight', 'module.dit.single_transformer_blocks.14.attn.to_k.lora_B.edit.weight', 'module.dit.single_transformer_blocks.14.attn.to_v.lora_A.edit.weight', 'module.dit.single_transformer_blocks.14.attn.to_v.lora_B.edit.weight', 'module.dit.single_transformer_blocks.15.attn.to_q.lora_A.edit.weight', 'module.dit.single_transformer_blocks.15.attn.to_q.lora_B.edit.weight', 'module.dit.single_transformer_blocks.15.attn.to_k.lora_A.edit.weight', 'module.dit.single_transformer_blocks.15.attn.to_k.lora_B.edit.weight', 'module.dit.single_transformer_blocks.15.attn.to_v.lora_A.edit.weight', 'module.dit.single_transformer_blocks.15.attn.to_v.lora_B.edit.weight', 'module.dit.single_transformer_blocks.16.attn.to_q.lora_A.edit.weight', 'module.dit.single_transformer_blocks.16.attn.to_q.lora_B.edit.weight', 'module.dit.single_transformer_blocks.16.attn.to_k.lora_A.edit.weight', 'module.dit.single_transformer_blocks.16.attn.to_k.lora_B.edit.weight', 'module.dit.single_transformer_blocks.16.attn.to_v.lora_A.edit.weight', 'module.dit.single_transformer_blocks.16.attn.to_v.lora_B.edit.weight', 'module.dit.single_transformer_blocks.17.attn.to_q.lora_A.edit.weight', 'module.dit.single_transformer_blocks.17.attn.to_q.lora_B.edit.weight', 'module.dit.single_transformer_blocks.17.attn.to_k.lora_A.edit.weight', 'module.dit.single_transformer_blocks.17.attn.to_k.lora_B.edit.weight', 'module.dit.single_transformer_blocks.17.attn.to_v.lora_A.edit.weight', 'module.dit.single_transformer_blocks.17.attn.to_v.lora_B.edit.weight', 'module.dit.single_transformer_blocks.18.attn.to_q.lora_A.edit.weight', 'module.dit.single_transformer_blocks.18.attn.to_q.lora_B.edit.weight', 'module.dit.single_transformer_blocks.18.attn.to_k.lora_A.edit.weight', 'module.dit.single_transformer_blocks.18.attn.to_k.lora_B.edit.weight', 'module.dit.single_transformer_blocks.18.attn.to_v.lora_A.edit.weight', 'module.dit.single_transformer_blocks.18.attn.to_v.lora_B.edit.weight', 'module.dit.single_transformer_blocks.19.attn.to_q.lora_A.edit.weight', 'module.dit.single_transformer_blocks.19.attn.to_q.lora_B.edit.weight', 'module.dit.single_transformer_blocks.19.attn.to_k.lora_A.edit.weight', 'module.dit.single_transformer_blocks.19.attn.to_k.lora_B.edit.weight', 'module.dit.single_transformer_blocks.19.attn.to_v.lora_A.edit.weight', 'module.dit.single_transformer_blocks.19.attn.to_v.lora_B.edit.weight', 'module.dit.single_transformer_blocks.20.attn.to_q.lora_A.edit.weight', 'module.dit.single_transformer_blocks.20.attn.to_q.lora_B.edit.weight', 'module.dit.single_transformer_blocks.20.attn.to_k.lora_A.edit.weight', 'module.dit.single_transformer_blocks.20.attn.to_k.lora_B.edit.weight', 'module.dit.single_transformer_blocks.20.attn.to_v.lora_A.edit.weight', 'module.dit.single_transformer_blocks.20.attn.to_v.lora_B.edit.weight', 'module.dit.single_transformer_blocks.21.attn.to_q.lora_A.edit.weight', 'module.dit.single_transformer_blocks.21.attn.to_q.lora_B.edit.weight', 'module.dit.single_transformer_blocks.21.attn.to_k.lora_A.edit.weight', 'module.dit.single_transformer_blocks.21.attn.to_k.lora_B.edit.weight', 'module.dit.single_transformer_blocks.21.attn.to_v.lora_A.edit.weight', 'module.dit.single_transformer_blocks.21.attn.to_v.lora_B.edit.weight', 'module.dit.single_transformer_blocks.22.attn.to_q.lora_A.edit.weight', 'module.dit.single_transformer_blocks.22.attn.to_q.lora_B.edit.weight', 'module.dit.single_transformer_blocks.22.attn.to_k.lora_A.edit.weight', 'module.dit.single_transformer_blocks.22.attn.to_k.lora_B.edit.weight', 'module.dit.single_transformer_blocks.22.attn.to_v.lora_A.edit.weight', 'module.dit.single_transformer_blocks.22.attn.to_v.lora_B.edit.weight', 'module.dit.single_transformer_blocks.23.attn.to_q.lora_A.edit.weight', 'module.dit.single_transformer_blocks.23.attn.to_q.lora_B.edit.weight', 'module.dit.single_transformer_blocks.23.attn.to_k.lora_A.edit.weight', 'module.dit.single_transformer_blocks.23.attn.to_k.lora_B.edit.weight', 'module.dit.single_transformer_blocks.23.attn.to_v.lora_A.edit.weight', 'module.dit.single_transformer_blocks.23.attn.to_v.lora_B.edit.weight', 'module.dit.single_transformer_blocks.24.attn.to_q.lora_A.edit.weight', 'module.dit.single_transformer_blocks.24.attn.to_q.lora_B.edit.weight', 'module.dit.single_transformer_blocks.24.attn.to_k.lora_A.edit.weight', 'module.dit.single_transformer_blocks.24.attn.to_k.lora_B.edit.weight', 'module.dit.single_transformer_blocks.24.attn.to_v.lora_A.edit.weight', 'module.dit.single_transformer_blocks.24.attn.to_v.lora_B.edit.weight', 'module.dit.single_transformer_blocks.25.attn.to_q.lora_A.edit.weight', 'module.dit.single_transformer_blocks.25.attn.to_q.lora_B.edit.weight', 'module.dit.single_transformer_blocks.25.attn.to_k.lora_A.edit.weight', 'module.dit.single_transformer_blocks.25.attn.to_k.lora_B.edit.weight', 'module.dit.single_transformer_blocks.25.attn.to_v.lora_A.edit.weight', 'module.dit.single_transformer_blocks.25.attn.to_v.lora_B.edit.weight', 'module.dit.single_transformer_blocks.26.attn.to_q.lora_A.edit.weight', 'module.dit.single_transformer_blocks.26.attn.to_q.lora_B.edit.weight', 'module.dit.single_transformer_blocks.26.attn.to_k.lora_A.edit.weight', 'module.dit.single_transformer_blocks.26.attn.to_k.lora_B.edit.weight', 'module.dit.single_transformer_blocks.26.attn.to_v.lora_A.edit.weight', 'module.dit.single_transformer_blocks.26.attn.to_v.lora_B.edit.weight', 'module.dit.single_transformer_blocks.27.attn.to_q.lora_A.edit.weight', 'module.dit.single_transformer_blocks.27.attn.to_q.lora_B.edit.weight', 'module.dit.single_transformer_blocks.27.attn.to_k.lora_A.edit.weight', 'module.dit.single_transformer_blocks.27.attn.to_k.lora_B.edit.weight', 'module.dit.single_transformer_blocks.27.attn.to_v.lora_A.edit.weight', 'module.dit.single_transformer_blocks.27.attn.to_v.lora_B.edit.weight', 'module.dit.single_transformer_blocks.28.attn.to_q.lora_A.edit.weight', 'module.dit.single_transformer_blocks.28.attn.to_q.lora_B.edit.weight', 'module.dit.single_transformer_blocks.28.attn.to_k.lora_A.edit.weight', 'module.dit.single_transformer_blocks.28.attn.to_k.lora_B.edit.weight', 'module.dit.single_transformer_blocks.28.attn.to_v.lora_A.edit.weight', 'module.dit.single_transformer_blocks.28.attn.to_v.lora_B.edit.weight', 'module.dit.single_transformer_blocks.29.attn.to_q.lora_A.edit.weight', 'module.dit.single_transformer_blocks.29.attn.to_q.lora_B.edit.weight', 'module.dit.single_transformer_blocks.29.attn.to_k.lora_A.edit.weight', 'module.dit.single_transformer_blocks.29.attn.to_k.lora_B.edit.weight', 'module.dit.single_transformer_blocks.29.attn.to_v.lora_A.edit.weight', 'module.dit.single_transformer_blocks.29.attn.to_v.lora_B.edit.weight', 'module.dit.single_transformer_blocks.30.attn.to_q.lora_A.edit.weight', 'module.dit.single_transformer_blocks.30.attn.to_q.lora_B.edit.weight', 'module.dit.single_transformer_blocks.30.attn.to_k.lora_A.edit.weight', 'module.dit.single_transformer_blocks.30.attn.to_k.lora_B.edit.weight', 'module.dit.single_transformer_blocks.30.attn.to_v.lora_A.edit.weight', 'module.dit.single_transformer_blocks.30.attn.to_v.lora_B.edit.weight', 'module.dit.single_transformer_blocks.31.attn.to_q.lora_A.edit.weight', 'module.dit.single_transformer_blocks.31.attn.to_q.lora_B.edit.weight', 'module.dit.single_transformer_blocks.31.attn.to_k.lora_A.edit.weight', 'module.dit.single_transformer_blocks.31.attn.to_k.lora_B.edit.weight', 'module.dit.single_transformer_blocks.31.attn.to_v.lora_A.edit.weight', 'module.dit.single_transformer_blocks.31.attn.to_v.lora_B.edit.weight', 'module.dit.single_transformer_blocks.32.attn.to_q.lora_A.edit.weight', 'module.dit.single_transformer_blocks.32.attn.to_q.lora_B.edit.weight', 'module.dit.single_transformer_blocks.32.attn.to_k.lora_A.edit.weight', 'module.dit.single_transformer_blocks.32.attn.to_k.lora_B.edit.weight', 'module.dit.single_transformer_blocks.32.attn.to_v.lora_A.edit.weight', 'module.dit.single_transformer_blocks.32.attn.to_v.lora_B.edit.weight', 'module.dit.single_transformer_blocks.33.attn.to_q.lora_A.edit.weight', 'module.dit.single_transformer_blocks.33.attn.to_q.lora_B.edit.weight', 'module.dit.single_transformer_blocks.33.attn.to_k.lora_A.edit.weight', 'module.dit.single_transformer_blocks.33.attn.to_k.lora_B.edit.weight', 'module.dit.single_transformer_blocks.33.attn.to_v.lora_A.edit.weight', 'module.dit.single_transformer_blocks.33.attn.to_v.lora_B.edit.weight', 'module.dit.single_transformer_blocks.34.attn.to_q.lora_A.edit.weight', 'module.dit.single_transformer_blocks.34.attn.to_q.lora_B.edit.weight', 'module.dit.single_transformer_blocks.34.attn.to_k.lora_A.edit.weight', 'module.dit.single_transformer_blocks.34.attn.to_k.lora_B.edit.weight', 'module.dit.single_transformer_blocks.34.attn.to_v.lora_A.edit.weight', 'module.dit.single_transformer_blocks.34.attn.to_v.lora_B.edit.weight', 'module.dit.single_transformer_blocks.35.attn.to_q.lora_A.edit.weight', 'module.dit.single_transformer_blocks.35.attn.to_q.lora_B.edit.weight', 'module.dit.single_transformer_blocks.35.attn.to_k.lora_A.edit.weight', 'module.dit.single_transformer_blocks.35.attn.to_k.lora_B.edit.weight', 'module.dit.single_transformer_blocks.35.attn.to_v.lora_A.edit.weight', 'module.dit.single_transformer_blocks.35.attn.to_v.lora_B.edit.weight', 'module.dit.single_transformer_blocks.36.attn.to_q.lora_A.edit.weight', 'module.dit.single_transformer_blocks.36.attn.to_q.lora_B.edit.weight', 'module.dit.single_transformer_blocks.36.attn.to_k.lora_A.edit.weight', 'module.dit.single_transformer_blocks.36.attn.to_k.lora_B.edit.weight', 'module.dit.single_transformer_blocks.36.attn.to_v.lora_A.edit.weight', 'module.dit.single_transformer_blocks.36.attn.to_v.lora_B.edit.weight', 'module.dit.single_transformer_blocks.37.attn.to_q.lora_A.edit.weight', 'module.dit.single_transformer_blocks.37.attn.to_q.lora_B.edit.weight', 'module.dit.single_transformer_blocks.37.attn.to_k.lora_A.edit.weight', 'module.dit.single_transformer_blocks.37.attn.to_k.lora_B.edit.weight', 'module.dit.single_transformer_blocks.37.attn.to_v.lora_A.edit.weight', 'module.dit.single_transformer_blocks.37.attn.to_v.lora_B.edit.weight', 'module.points_map_encoder.conv_in.weight', 'module.points_map_encoder.conv_in.bias', 'module.points_map_encoder.down_blocks.0.resnets.0.norm1.weight', 'module.points_map_encoder.down_blocks.0.resnets.0.norm1.bias', 'module.points_map_encoder.down_blocks.0.resnets.0.conv1.weight', 'module.points_map_encoder.down_blocks.0.resnets.0.conv1.bias', 'module.points_map_encoder.down_blocks.0.resnets.0.norm2.weight', 'module.points_map_encoder.down_blocks.0.resnets.0.norm2.bias', 'module.points_map_encoder.down_blocks.0.resnets.0.conv2.weight', 'module.points_map_encoder.down_blocks.0.resnets.0.conv2.bias', 'module.points_map_encoder.down_blocks.0.resnets.1.norm1.weight', 'module.points_map_encoder.down_blocks.0.resnets.1.norm1.bias', 'module.points_map_encoder.down_blocks.0.resnets.1.conv1.weight', 'module.points_map_encoder.down_blocks.0.resnets.1.conv1.bias', 'module.points_map_encoder.down_blocks.0.resnets.1.norm2.weight', 'module.points_map_encoder.down_blocks.0.resnets.1.norm2.bias', 'module.points_map_encoder.down_blocks.0.resnets.1.conv2.weight', 'module.points_map_encoder.down_blocks.0.resnets.1.conv2.bias', 'module.points_map_encoder.down_blocks.0.downsamplers.0.conv.weight', 'module.points_map_encoder.down_blocks.0.downsamplers.0.conv.bias', 'module.points_map_encoder.down_blocks.1.resnets.0.norm1.weight', 'module.points_map_encoder.down_blocks.1.resnets.0.norm1.bias', 'module.points_map_encoder.down_blocks.1.resnets.0.conv1.weight', 'module.points_map_encoder.down_blocks.1.resnets.0.conv1.bias', 'module.points_map_encoder.down_blocks.1.resnets.0.norm2.weight', 'module.points_map_encoder.down_blocks.1.resnets.0.norm2.bias', 'module.points_map_encoder.down_blocks.1.resnets.0.conv2.weight', 'module.points_map_encoder.down_blocks.1.resnets.0.conv2.bias', 'module.points_map_encoder.down_blocks.1.resnets.0.conv_shortcut.weight', 'module.points_map_encoder.down_blocks.1.resnets.0.conv_shortcut.bias', 'module.points_map_encoder.down_blocks.1.resnets.1.norm1.weight', 'module.points_map_encoder.down_blocks.1.resnets.1.norm1.bias', 'module.points_map_encoder.down_blocks.1.resnets.1.conv1.weight', 'module.points_map_encoder.down_blocks.1.resnets.1.conv1.bias', 'module.points_map_encoder.down_blocks.1.resnets.1.norm2.weight', 'module.points_map_encoder.down_blocks.1.resnets.1.norm2.bias', 'module.points_map_encoder.down_blocks.1.resnets.1.conv2.weight', 'module.points_map_encoder.down_blocks.1.resnets.1.conv2.bias', 'module.points_map_encoder.down_blocks.1.downsamplers.0.conv.weight', 'module.points_map_encoder.down_blocks.1.downsamplers.0.conv.bias', 'module.points_map_encoder.down_blocks.2.resnets.0.norm1.weight', 'module.points_map_encoder.down_blocks.2.resnets.0.norm1.bias', 'module.points_map_encoder.down_blocks.2.resnets.0.conv1.weight', 'module.points_map_encoder.down_blocks.2.resnets.0.conv1.bias', 'module.points_map_encoder.down_blocks.2.resnets.0.norm2.weight', 'module.points_map_encoder.down_blocks.2.resnets.0.norm2.bias', 'module.points_map_encoder.down_blocks.2.resnets.0.conv2.weight', 'module.points_map_encoder.down_blocks.2.resnets.0.conv2.bias', 'module.points_map_encoder.down_blocks.2.resnets.0.conv_shortcut.weight', 'module.points_map_encoder.down_blocks.2.resnets.0.conv_shortcut.bias', 'module.points_map_encoder.down_blocks.2.resnets.1.norm1.weight', 'module.points_map_encoder.down_blocks.2.resnets.1.norm1.bias', 'module.points_map_encoder.down_blocks.2.resnets.1.conv1.weight', 'module.points_map_encoder.down_blocks.2.resnets.1.conv1.bias', 'module.points_map_encoder.down_blocks.2.resnets.1.norm2.weight', 'module.points_map_encoder.down_blocks.2.resnets.1.norm2.bias', 'module.points_map_encoder.down_blocks.2.resnets.1.conv2.weight', 'module.points_map_encoder.down_blocks.2.resnets.1.conv2.bias', 'module.points_map_encoder.down_blocks.2.downsamplers.0.conv.weight', 'module.points_map_encoder.down_blocks.2.downsamplers.0.conv.bias', 'module.points_map_encoder.down_blocks.3.resnets.0.norm1.weight', 'module.points_map_encoder.down_blocks.3.resnets.0.norm1.bias', 'module.points_map_encoder.down_blocks.3.resnets.0.conv1.weight', 'module.points_map_encoder.down_blocks.3.resnets.0.conv1.bias', 'module.points_map_encoder.down_blocks.3.resnets.0.norm2.weight', 'module.points_map_encoder.down_blocks.3.resnets.0.norm2.bias', 'module.points_map_encoder.down_blocks.3.resnets.0.conv2.weight', 'module.points_map_encoder.down_blocks.3.resnets.0.conv2.bias', 'module.points_map_encoder.down_blocks.3.resnets.1.norm1.weight', 'module.points_map_encoder.down_blocks.3.resnets.1.norm1.bias', 'module.points_map_encoder.down_blocks.3.resnets.1.conv1.weight', 'module.points_map_encoder.down_blocks.3.resnets.1.conv1.bias', 'module.points_map_encoder.down_blocks.3.resnets.1.norm2.weight', 'module.points_map_encoder.down_blocks.3.resnets.1.norm2.bias', 'module.points_map_encoder.down_blocks.3.resnets.1.conv2.weight', 'module.points_map_encoder.down_blocks.3.resnets.1.conv2.bias', 'module.points_map_encoder.conv_norm_out.weight', 'module.points_map_encoder.conv_norm_out.bias', 'module.points_map_encoder.conv_out.weight', 'module.points_map_encoder.conv_out.bias']
INFO:__main__:***** Running training *****
torch.Size([2, 1024, 64])
INFO:__main__:Step 1, Loss: 0.4954
torch.Size([2, 1024, 64])
INFO:__main__:Step 2, Loss: 0.1640
torch.Size([2, 1024, 64])
INFO:__main__:Step 3, Loss: 0.3889
torch.Size([2, 1024, 64])
INFO:__main__:Step 4, Loss: 0.2150
torch.Size([2, 1024, 64])
INFO:__main__:Step 5, Loss: 0.3073
torch.Size([2, 1024, 64])
INFO:__main__:Step 6, Loss: 0.3426
torch.Size([2, 1024, 64])
INFO:__main__:Step 7, Loss: 0.3038
torch.Size([2, 1024, 64])
INFO:__main__:Step 8, Loss: 0.2133
torch.Size([2, 1024, 64])
INFO:__main__:Step 9, Loss: 0.5324
torch.Size([2, 1024, 64])
INFO:__main__:Step 10, Loss: 0.4902
torch.Size([2, 1024, 64])
INFO:__main__:Step 11, Loss: 0.3172
torch.Size([2, 1024, 64])
INFO:__main__:Step 12, Loss: 0.5576
torch.Size([2, 1024, 64])
INFO:__main__:Step 13, Loss: 0.2993
torch.Size([2, 1024, 64])
INFO:__main__:Step 14, Loss: 0.2443
torch.Size([2, 1024, 64])
INFO:__main__:Step 15, Loss: 0.5827
torch.Size([2, 1024, 64])
INFO:__main__:Step 16, Loss: 0.4260
torch.Size([2, 1024, 64])
INFO:__main__:Step 17, Loss: 0.3008
torch.Size([2, 1024, 64])
INFO:__main__:Step 18, Loss: 0.3709
torch.Size([2, 1024, 64])
INFO:__main__:Step 19, Loss: 0.2893
torch.Size([2, 1024, 64])
INFO:__main__:Step 20, Loss: 0.2395
torch.Size([2, 1024, 64])
INFO:__main__:Step 21, Loss: 0.2644
torch.Size([2, 1024, 64])
INFO:__main__:Step 22, Loss: 0.4740
torch.Size([2, 1024, 64])
INFO:__main__:Step 23, Loss: 0.3060
torch.Size([2, 1024, 64])
INFO:__main__:Step 24, Loss: 0.2392
torch.Size([2, 1024, 64])
INFO:__main__:Step 25, Loss: 0.3643
torch.Size([2, 1024, 64])
INFO:__main__:Step 26, Loss: 0.5427
torch.Size([2, 1024, 64])
INFO:__main__:Step 27, Loss: 0.4276
torch.Size([2, 1024, 64])
INFO:__main__:Step 28, Loss: 0.6470
torch.Size([2, 1024, 64])
INFO:__main__:Step 29, Loss: 0.3055
torch.Size([2, 1024, 64])
INFO:__main__:Step 30, Loss: 0.2631
torch.Size([2, 1024, 64])
INFO:__main__:Step 31, Loss: 0.1909
torch.Size([2, 1024, 64])
INFO:__main__:Step 32, Loss: 0.1695
torch.Size([2, 1024, 64])
INFO:__main__:Step 33, Loss: 0.2139
torch.Size([2, 1024, 64])
INFO:__main__:Step 34, Loss: 0.2159
torch.Size([2, 1024, 64])
INFO:__main__:Step 35, Loss: 0.1921
torch.Size([2, 1024, 64])
INFO:__main__:Step 36, Loss: 0.2561
torch.Size([2, 1024, 64])
INFO:__main__:Step 37, Loss: 0.2031
torch.Size([2, 1024, 64])
INFO:__main__:Step 38, Loss: 0.2635
torch.Size([2, 1024, 64])
INFO:__main__:Step 39, Loss: 0.3398
torch.Size([2, 1024, 64])
INFO:__main__:Step 40, Loss: 0.4448
torch.Size([2, 1024, 64])
INFO:__main__:Step 41, Loss: 0.4876
torch.Size([2, 1024, 64])
INFO:__main__:Step 42, Loss: 0.3494
torch.Size([2, 1024, 64])
INFO:__main__:Step 43, Loss: 0.2172
torch.Size([2, 1024, 64])
INFO:__main__:Step 44, Loss: 0.2081
torch.Size([2, 1024, 64])
INFO:__main__:Step 45, Loss: 0.3887
torch.Size([2, 1024, 64])
INFO:__main__:Step 46, Loss: 0.2768
torch.Size([2, 1024, 64])
INFO:__main__:Step 47, Loss: 0.3569
torch.Size([2, 1024, 64])
INFO:__main__:Step 48, Loss: 0.5950
torch.Size([2, 1024, 64])
INFO:__main__:Step 49, Loss: 0.2501
torch.Size([2, 1024, 64])
INFO:__main__:Step 50, Loss: 0.2534
torch.Size([2, 1024, 64])
INFO:__main__:Step 51, Loss: 0.3208
torch.Size([2, 1024, 64])
INFO:__main__:Step 52, Loss: 0.5587
torch.Size([2, 1024, 64])
